[2022-11-25 12:50:47] local.ERROR: file_put_contents(/Applications/XAMPP/xamppfiles/htdocs/qms/storage/framework/cache/data/85/5f/855f92484c8c414d36c1b25cb24876e30229cbbf): Failed to open stream: No such file or directory {"userId":1,"exception":"[object] (ErrorException(code: 0): file_put_contents(/Applications/XAMPP/xamppfiles/htdocs/qms/storage/framework/cache/data/85/5f/855f92484c8c414d36c1b25cb24876e30229cbbf): Failed to open stream: No such file or directory at /Applications/XAMPP/xamppfiles/htdocs/qms/vendor/laravel/framework/src/Illuminate/Filesystem/Filesystem.php:187)
[stacktrace]
#0 [internal function]: Illuminate\\Foundation\\Bootstrap\\HandleExceptions->handleError(2, 'file_put_conten...', '/Applications/X...', 187)
#1 /Applications/XAMPP/xamppfiles/htdocs/qms/vendor/laravel/framework/src/Illuminate/Filesystem/Filesystem.php(187): file_put_contents('/Applications/X...', '1669456247a:3:{...', 2)
#2 /Applications/XAMPP/xamppfiles/htdocs/qms/vendor/laravel/framework/src/Illuminate/Cache/FileStore.php(77): Illuminate\\Filesystem\\Filesystem->put('/Applications/X...', '1669456247a:3:{...', true)
#3 /Applications/XAMPP/xamppfiles/htdocs/qms/vendor/laravel/framework/src/Illuminate/Cache/Repository.php(213): Illuminate\\Cache\\FileStore->put('spatie.permissi...', Array, 86400)
#4 /Applications/XAMPP/xamppfiles/htdocs/qms/vendor/laravel/framework/src/Illuminate/Cache/Repository.php(391): Illuminate\\Cache\\Repository->put('spatie.permissi...', Array, Object(DateInterval))
#5 /Applications/XAMPP/xamppfiles/htdocs/qms/vendor/spatie/laravel-permission/src/PermissionRegistrar.php(180): Illuminate\\Cache\\Repository->remember('spatie.permissi...', Object(DateInterval), Object(Closure))
#6 /Applications/XAMPP/xamppfiles/htdocs/qms/vendor/spatie/laravel-permission/src/PermissionRegistrar.php(209): Spatie\\Permission\\PermissionRegistrar->loadPermissions()
#7 /Applications/XAMPP/xamppfiles/htdocs/qms/vendor/spatie/laravel-permission/src/Models/Permission.php(152): Spatie\\Permission\\PermissionRegistrar->getPermissions(Array, true)
#8 /Applications/XAMPP/xamppfiles/htdocs/qms/vendor/spatie/laravel-permission/src/Models/Permission.php(164): Spatie\\Permission\\Models\\Permission::getPermissions(Array, true)
#9 /Applications/XAMPP/xamppfiles/htdocs/qms/vendor/spatie/laravel-permission/src/Models/Permission.php(90): Spatie\\Permission\\Models\\Permission::getPermission(Array)
#10 /Applications/XAMPP/xamppfiles/htdocs/qms/vendor/spatie/laravel-permission/src/Traits/HasPermissions.php(132): Spatie\\Permission\\Models\\Permission::findByName('view dashboard', 'web')
#11 /Applications/XAMPP/xamppfiles/htdocs/qms/vendor/spatie/laravel-permission/src/Traits/HasPermissions.php(165): App\\Models\\User->filterPermission('view dashboard', NULL)
#12 /Applications/XAMPP/xamppfiles/htdocs/qms/vendor/spatie/laravel-permission/src/Traits/HasPermissions.php(220): App\\Models\\User->hasPermissionTo('view dashboard', NULL)
#13 /Applications/XAMPP/xamppfiles/htdocs/qms/vendor/spatie/laravel-permission/src/PermissionRegistrar.php(141): App\\Models\\User->checkPermissionTo('view dashboard')
#14 /Applications/XAMPP/xamppfiles/htdocs/qms/vendor/laravel/framework/src/Illuminate/Auth/Access/Gate.php(554): Spatie\\Permission\\PermissionRegistrar->Spatie\\Permission\\{closure}(Object(App\\Models\\User), 'view dashboard', Array)
#15 /Applications/XAMPP/xamppfiles/htdocs/qms/vendor/laravel/framework/src/Illuminate/Auth/Access/Gate.php(427): Illuminate\\Auth\\Access\\Gate->callBeforeCallbacks(Object(App\\Models\\User), 'view dashboard', Array)
#16 /Applications/XAMPP/xamppfiles/htdocs/qms/vendor/laravel/framework/src/Illuminate/Auth/Access/Gate.php(396): Illuminate\\Auth\\Access\\Gate->raw('view dashboard', Array)
#17 /Applications/XAMPP/xamppfiles/htdocs/qms/vendor/laravel/framework/src/Illuminate/Auth/Access/Gate.php(342): Illuminate\\Auth\\Access\\Gate->inspect('view dashboard', Array)
#18 /Applications/XAMPP/xamppfiles/htdocs/qms/vendor/laravel/framework/src/Illuminate/Collections/Traits/EnumeratesValues.php(282): Illuminate\\Auth\\Access\\Gate->Illuminate\\Auth\\Access\\{closure}('view dashboard', 0)
#19 /Applications/XAMPP/xamppfiles/htdocs/qms/vendor/laravel/framework/src/Illuminate/Auth/Access/Gate.php(343): Illuminate\\Support\\Collection->every(Object(Closure))
#20 /Applications/XAMPP/xamppfiles/htdocs/qms/vendor/laravel/framework/src/Illuminate/Foundation/Auth/Access/Authorizable.php(18): Illuminate\\Auth\\Access\\Gate->check('view dashboard', Array)
#21 /Applications/XAMPP/xamppfiles/htdocs/qms/vendor/spatie/laravel-permission/src/Middlewares/PermissionMiddleware.php(23): Illuminate\\Foundation\\Auth\\User->can('view dashboard')
#22 /Applications/XAMPP/xamppfiles/htdocs/qms/vendor/laravel/framework/src/Illuminate/Pipeline/Pipeline.php(167): Spatie\\Permission\\Middlewares\\PermissionMiddleware->handle(Object(Illuminate\\Http\\Request), Object(Closure), 'view dashboard')
#23 /Applications/XAMPP/xamppfiles/htdocs/qms/app/Http/Middleware/SetLocale.php(23): Illuminate\\Pipeline\\Pipeline->Illuminate\\Pipeline\\{closure}(Object(Illuminate\\Http\\Request))
#24 /Applications/XAMPP/xamppfiles/htdocs/qms/vendor/laravel/framework/src/Illuminate/Pipeline/Pipeline.php(167): App\\Http\\Middleware\\SetLocale->handle(Object(Illuminate\\Http\\Request), Object(Closure))
#25 /Applications/XAMPP/xamppfiles/htdocs/qms/vendor/laravel/framework/src/Illuminate/Routing/Middleware/SubstituteBindings.php(50): Illuminate\\Pipeline\\Pipeline->Illuminate\\Pipeline\\{closure}(Object(Illuminate\\Http\\Request))
#26 /Applications/XAMPP/xamppfiles/htdocs/qms/vendor/laravel/framework/src/Illuminate/Pipeline/Pipeline.php(167): Illuminate\\Routing\\Middleware\\SubstituteBindings->handle(Object(Illuminate\\Http\\Request), Object(Closure))
#27 /Applications/XAMPP/xamppfiles/htdocs/qms/vendor/laravel/framework/src/Illuminate/Auth/Middleware/Authenticate.php(44): Illuminate\\Pipeline\\Pipeline->Illuminate\\Pipeline\\{closure}(Object(Illuminate\\Http\\Request))
#28 /Applications/XAMPP/xamppfiles/htdocs/qms/vendor/laravel/framework/src/Illuminate/Pipeline/Pipeline.php(167): Illuminate\\Auth\\Middleware\\Authenticate->handle(Object(Illuminate\\Http\\Request), Object(Closure))
#29 /Applications/XAMPP/xamppfiles/htdocs/qms/vendor/laravel/framework/src/Illuminate/Foundation/Http/Middleware/VerifyCsrfToken.php(78): Illuminate\\Pipeline\\Pipeline->Illuminate\\Pipeline\\{closure}(Object(Illuminate\\Http\\Request))
#30 /Applications/XAMPP/xamppfiles/htdocs/qms/vendor/laravel/framework/src/Illuminate/Pipeline/Pipeline.php(167): Illuminate\\Foundation\\Http\\Middleware\\VerifyCsrfToken->handle(Object(Illuminate\\Http\\Request), Object(Closure))
#31 /Applications/XAMPP/xamppfiles/htdocs/qms/vendor/laravel/framework/src/Illuminate/View/Middleware/ShareErrorsFromSession.php(49): Illuminate\\Pipeline\\Pipeline->Illuminate\\Pipeline\\{closure}(Object(Illuminate\\Http\\Request))
#32 /Applications/XAMPP/xamppfiles/htdocs/qms/vendor/laravel/framework/src/Illuminate/Pipeline/Pipeline.php(167): Illuminate\\View\\Middleware\\ShareErrorsFromSession->handle(Object(Illuminate\\Http\\Request), Object(Closure))
#33 /Applications/XAMPP/xamppfiles/htdocs/qms/vendor/laravel/framework/src/Illuminate/Cookie/Middleware/AddQueuedCookiesToResponse.php(37): Illuminate\\Pipeline\\Pipeline->Illuminate\\Pipeline\\{closure}(Object(Illuminate\\Http\\Request))
#34 /Applications/XAMPP/xamppfiles/htdocs/qms/vendor/laravel/framework/src/Illuminate/Pipeline/Pipeline.php(167): Illuminate\\Cookie\\Middleware\\AddQueuedCookiesToResponse->handle(Object(Illuminate\\Http\\Request), Object(Closure))
#35 /Applications/XAMPP/xamppfiles/htdocs/qms/vendor/laravel/framework/src/Illuminate/Cookie/Middleware/EncryptCookies.php(67): Illuminate\\Pipeline\\Pipeline->Illuminate\\Pipeline\\{closure}(Object(Illuminate\\Http\\Request))
#36 /Applications/XAMPP/xamppfiles/htdocs/qms/vendor/laravel/framework/src/Illuminate/Pipeline/Pipeline.php(167): Illuminate\\Cookie\\Middleware\\EncryptCookies->handle(Object(Illuminate\\Http\\Request), Object(Closure))
#37 /Applications/XAMPP/xamppfiles/htdocs/qms/vendor/laravel/framework/src/Illuminate/Session/Middleware/StartSession.php(121): Illuminate\\Pipeline\\Pipeline->Illuminate\\Pipeline\\{closure}(Object(Illuminate\\Http\\Request))
#38 /Applications/XAMPP/xamppfiles/htdocs/qms/vendor/laravel/framework/src/Illuminate/Session/Middleware/StartSession.php(64): Illuminate\\Session\\Middleware\\StartSession->handleStatefulRequest(Object(Illuminate\\Http\\Request), Object(Illuminate\\Session\\EncryptedStore), Object(Closure))
#39 /Applications/XAMPP/xamppfiles/htdocs/qms/vendor/laravel/framework/src/Illuminate/Pipeline/Pipeline.php(167): Illuminate\\Session\\Middleware\\StartSession->handle(Object(Illuminate\\Http\\Request), Object(Closure))
#40 /Applications/XAMPP/xamppfiles/htdocs/qms/app/Http/Middleware/IsInstalled.php(39): Illuminate\\Pipeline\\Pipeline->Illuminate\\Pipeline\\{closure}(Object(Illuminate\\Http\\Request))
#41 /Applications/XAMPP/xamppfiles/htdocs/qms/vendor/laravel/framework/src/Illuminate/Pipeline/Pipeline.php(167): App\\Http\\Middleware\\IsInstalled->handle(Object(Illuminate\\Http\\Request), Object(Closure))
#42 /Applications/XAMPP/xamppfiles/htdocs/qms/vendor/laravel/framework/src/Illuminate/Pipeline/Pipeline.php(103): Illuminate\\Pipeline\\Pipeline->Illuminate\\Pipeline\\{closure}(Object(Illuminate\\Http\\Request))
#43 /Applications/XAMPP/xamppfiles/htdocs/qms/vendor/laravel/framework/src/Illuminate/Routing/Router.php(723): Illuminate\\Pipeline\\Pipeline->then(Object(Closure))
#44 /Applications/XAMPP/xamppfiles/htdocs/qms/vendor/laravel/framework/src/Illuminate/Routing/Router.php(698): Illuminate\\Routing\\Router->runRouteWithinStack(Object(Illuminate\\Routing\\Route), Object(Illuminate\\Http\\Request))
#45 /Applications/XAMPP/xamppfiles/htdocs/qms/vendor/laravel/framework/src/Illuminate/Routing/Router.php(662): Illuminate\\Routing\\Router->runRoute(Object(Illuminate\\Http\\Request), Object(Illuminate\\Routing\\Route))
#46 /Applications/XAMPP/xamppfiles/htdocs/qms/vendor/laravel/framework/src/Illuminate/Routing/Router.php(651): Illuminate\\Routing\\Router->dispatchToRoute(Object(Illuminate\\Http\\Request))
#47 /Applications/XAMPP/xamppfiles/htdocs/qms/vendor/laravel/framework/src/Illuminate/Foundation/Http/Kernel.php(167): Illuminate\\Routing\\Router->dispatch(Object(Illuminate\\Http\\Request))
#48 /Applications/XAMPP/xamppfiles/htdocs/qms/vendor/laravel/framework/src/Illuminate/Pipeline/Pipeline.php(128): Illuminate\\Foundation\\Http\\Kernel->Illuminate\\Foundation\\Http\\{closure}(Object(Illuminate\\Http\\Request))
#49 /Applications/XAMPP/xamppfiles/htdocs/qms/app/Http/Middleware/SetTimezone.php(29): Illuminate\\Pipeline\\Pipeline->Illuminate\\Pipeline\\{closure}(Object(Illuminate\\Http\\Request))
#50 /Applications/XAMPP/xamppfiles/htdocs/qms/vendor/laravel/framework/src/Illuminate/Pipeline/Pipeline.php(167): App\\Http\\Middleware\\SetTimezone->handle(Object(Illuminate\\Http\\Request), Object(Closure))
#51 /Applications/XAMPP/xamppfiles/htdocs/qms/vendor/laravel/framework/src/Illuminate/Foundation/Http/Middleware/TransformsRequest.php(21): Illuminate\\Pipeline\\Pipeline->Illuminate\\Pipeline\\{closure}(Object(Illuminate\\Http\\Request))
#52 /Applications/XAMPP/xamppfiles/htdocs/qms/vendor/laravel/framework/src/Illuminate/Foundation/Http/Middleware/ConvertEmptyStringsToNull.php(31): Illuminate\\Foundation\\Http\\Middleware\\TransformsRequest->handle(Object(Illuminate\\Http\\Request), Object(Closure))
#53 /Applications/XAMPP/xamppfiles/htdocs/qms/vendor/laravel/framework/src/Illuminate/Pipeline/Pipeline.php(167): Illuminate\\Foundation\\Http\\Middleware\\ConvertEmptyStringsToNull->handle(Object(Illuminate\\Http\\Request), Object(Closure))
#54 /Applications/XAMPP/xamppfiles/htdocs/qms/vendor/laravel/framework/src/Illuminate/Foundation/Http/Middleware/TransformsRequest.php(21): Illuminate\\Pipeline\\Pipeline->Illuminate\\Pipeline\\{closure}(Object(Illuminate\\Http\\Request))
#55 /Applications/XAMPP/xamppfiles/htdocs/qms/vendor/laravel/framework/src/Illuminate/Foundation/Http/Middleware/TrimStrings.php(40): Illuminate\\Foundation\\Http\\Middleware\\TransformsRequest->handle(Object(Illuminate\\Http\\Request), Object(Closure))
#56 /Applications/XAMPP/xamppfiles/htdocs/qms/vendor/laravel/framework/src/Illuminate/Pipeline/Pipeline.php(167): Illuminate\\Foundation\\Http\\Middleware\\TrimStrings->handle(Object(Illuminate\\Http\\Request), Object(Closure))
#57 /Applications/XAMPP/xamppfiles/htdocs/qms/vendor/laravel/framework/src/Illuminate/Foundation/Http/Middleware/ValidatePostSize.php(27): Illuminate\\Pipeline\\Pipeline->Illuminate\\Pipeline\\{closure}(Object(Illuminate\\Http\\Request))
#58 /Applications/XAMPP/xamppfiles/htdocs/qms/vendor/laravel/framework/src/Illuminate/Pipeline/Pipeline.php(167): Illuminate\\Foundation\\Http\\Middleware\\ValidatePostSize->handle(Object(Illuminate\\Http\\Request), Object(Closure))
#59 /Applications/XAMPP/xamppfiles/htdocs/qms/vendor/laravel/framework/src/Illuminate/Foundation/Http/Middleware/PreventRequestsDuringMaintenance.php(86): Illuminate\\Pipeline\\Pipeline->Illuminate\\Pipeline\\{closure}(Object(Illuminate\\Http\\Request))
#60 /Applications/XAMPP/xamppfiles/htdocs/qms/vendor/laravel/framework/src/Illuminate/Pipeline/Pipeline.php(167): Illuminate\\Foundation\\Http\\Middleware\\PreventRequestsDuringMaintenance->handle(Object(Illuminate\\Http\\Request), Object(Closure))
#61 /Applications/XAMPP/xamppfiles/htdocs/qms/vendor/fruitcake/laravel-cors/src/HandleCors.php(38): Illuminate\\Pipeline\\Pipeline->Illuminate\\Pipeline\\{closure}(Object(Illuminate\\Http\\Request))
#62 /Applications/XAMPP/xamppfiles/htdocs/qms/vendor/laravel/framework/src/Illuminate/Pipeline/Pipeline.php(167): Fruitcake\\Cors\\HandleCors->handle(Object(Illuminate\\Http\\Request), Object(Closure))
#63 /Applications/XAMPP/xamppfiles/htdocs/qms/vendor/laravel/framework/src/Illuminate/Http/Middleware/TrustProxies.php(39): Illuminate\\Pipeline\\Pipeline->Illuminate\\Pipeline\\{closure}(Object(Illuminate\\Http\\Request))
#64 /Applications/XAMPP/xamppfiles/htdocs/qms/vendor/laravel/framework/src/Illuminate/Pipeline/Pipeline.php(167): Illuminate\\Http\\Middleware\\TrustProxies->handle(Object(Illuminate\\Http\\Request), Object(Closure))
#65 /Applications/XAMPP/xamppfiles/htdocs/qms/vendor/laravel/framework/src/Illuminate/Pipeline/Pipeline.php(103): Illuminate\\Pipeline\\Pipeline->Illuminate\\Pipeline\\{closure}(Object(Illuminate\\Http\\Request))
#66 /Applications/XAMPP/xamppfiles/htdocs/qms/vendor/laravel/framework/src/Illuminate/Foundation/Http/Kernel.php(142): Illuminate\\Pipeline\\Pipeline->then(Object(Closure))
#67 /Applications/XAMPP/xamppfiles/htdocs/qms/vendor/laravel/framework/src/Illuminate/Foundation/Http/Kernel.php(111): Illuminate\\Foundation\\Http\\Kernel->sendRequestThroughRouter(Object(Illuminate\\Http\\Request))
#68 /Applications/XAMPP/xamppfiles/htdocs/qms/index.php(52): Illuminate\\Foundation\\Http\\Kernel->handle(Object(Illuminate\\Http\\Request))
#69 {main}
"} 
